<?xml version="1.0" encoding="UTF-8"?>
<testng-results skipped="0" failed="0" ignored="0" total="2" passed="2">
  <reporter-output>
  </reporter-output>
  <suite name="Surefire suite" duration-ms="6614" started-at="2019-07-25T13:00:46Z" finished-at="2019-07-25T13:00:52Z">
    <groups>
    </groups>
    <test name="Surefire test" duration-ms="6614" started-at="2019-07-25T13:00:46Z" finished-at="2019-07-25T13:00:52Z">
      <class name="Regression.Testcase">
        <test-method status="PASS" signature="Configuration()[pri:0, instance:Regression.Testcase@6b2fad11]" name="Configuration" is-config="true" duration-ms="10833" started-at="2019-07-25T13:00:35Z" finished-at="2019-07-25T13:00:46Z">
          <reporter-output>
          </reporter-output>
        </test-method> <!-- Configuration -->
        <test-method status="PASS" signature="PageTitle()[pri:0, instance:Regression.Testcase@6b2fad11]" name="PageTitle" duration-ms="9" started-at="2019-07-25T13:00:46Z" finished-at="2019-07-25T13:00:46Z">
          <reporter-output>
          </reporter-output>
        </test-method> <!-- PageTitle -->
        <test-method status="PASS" signature="loginpage()[pri:0, instance:Regression.Testcase@6b2fad11]" name="loginpage" duration-ms="6587" started-at="2019-07-25T13:00:46Z" finished-at="2019-07-25T13:00:52Z">
          <reporter-output>
          </reporter-output>
        </test-method> <!-- loginpage -->
        <test-method status="PASS" signature="Teardown()[pri:0, instance:Regression.Testcase@6b2fad11]" name="Teardown" is-config="true" duration-ms="5605" started-at="2019-07-25T13:00:52Z" finished-at="2019-07-25T13:00:58Z">
          <reporter-output>
          </reporter-output>
        </test-method> <!-- Teardown -->
      </class> <!-- Regression.Testcase -->
    </test> <!-- Surefire test -->
  </suite> <!-- Surefire suite -->
</testng-results>
