<?xml version="1.0" encoding="UTF-8"?>
<testng-results skipped="0" failed="1" ignored="0" total="2" passed="1">
  <reporter-output>
  </reporter-output>
  <suite name="Default suite" duration-ms="5500" started-at="2019-08-08T06:57:25Z" finished-at="2019-08-08T06:57:31Z">
    <groups>
    </groups>
    <test name="Default test" duration-ms="5500" started-at="2019-08-08T06:57:25Z" finished-at="2019-08-08T06:57:31Z">
      <class name="Regression.Testcase">
        <test-method status="PASS" signature="Configuration()[pri:0, instance:Regression.Testcase@4ac9dc56]" name="Configuration" is-config="true" duration-ms="16519" started-at="2019-08-08T06:57:09Z" finished-at="2019-08-08T06:57:25Z">
          <reporter-output>
          </reporter-output>
        </test-method> <!-- Configuration -->
        <test-method status="PASS" signature="PageTitle()[pri:0, instance:Regression.Testcase@4ac9dc56]" name="PageTitle" duration-ms="12" started-at="2019-08-08T06:57:25Z" finished-at="2019-08-08T06:57:25Z">
          <reporter-output>
          </reporter-output>
        </test-method> <!-- PageTitle -->
        <test-method status="FAIL" signature="loginpage()[pri:0, instance:Regression.Testcase@4ac9dc56]" name="loginpage" duration-ms="5463" started-at="2019-08-08T06:57:25Z" finished-at="2019-08-08T06:57:31Z">
          <exception class="org.openqa.selenium.NoSuchElementException">
            <message>
              <![CDATA[Unable to locate element: //span[@class='reg_icon']
For documentation on this error, please visit: https://www.seleniumhq.org/exceptions/no_such_element.html
Build info: version: '3.141.59', revision: 'e82be7d358', time: '2018-11-14T08:17:03'
System info: host: 'NAV-L186', ip: '192.168.0.186', os.name: 'Windows 10', os.arch: 'amd64', os.version: '10.0', java.version: '1.8.0_212'
Driver info: org.openqa.selenium.firefox.FirefoxDriver
Capabilities {acceptInsecureCerts: true, browserName: firefox, browserVersion: 68.0.1, javascriptEnabled: true, moz:accessibilityChecks: false, moz:buildID: 20190717172542, moz:geckodriverVersion: 0.24.0, moz:headless: false, moz:processID: 8008, moz:profile: C:\Users\zafar.ahmad\AppDat..., moz:shutdownTimeout: 60000, moz:useNonSpecCompliantPointerOrigin: false, moz:webdriverClick: true, pageLoadStrategy: normal, platform: WINDOWS, platformName: WINDOWS, platformVersion: 10.0, rotatable: false, setWindowRect: true, strictFileInteractability: false, timeouts: {implicit: 0, pageLoad: 300000, script: 30000}, unhandledPromptBehavior: dismiss and notify}
Session ID: 06cb05d5-b0f3-499e-994e-98f9bc58b4a8
*** Element info: {Using=xpath, value=//span[@class='reg_icon']}]]>
            </message>
            <full-stacktrace>
              <![CDATA[org.openqa.selenium.NoSuchElementException: Unable to locate element: //span[@class='reg_icon']
For documentation on this error, please visit: https://www.seleniumhq.org/exceptions/no_such_element.html
Build info: version: '3.141.59', revision: 'e82be7d358', time: '2018-11-14T08:17:03'
System info: host: 'NAV-L186', ip: '192.168.0.186', os.name: 'Windows 10', os.arch: 'amd64', os.version: '10.0', java.version: '1.8.0_212'
Driver info: org.openqa.selenium.firefox.FirefoxDriver
Capabilities {acceptInsecureCerts: true, browserName: firefox, browserVersion: 68.0.1, javascriptEnabled: true, moz:accessibilityChecks: false, moz:buildID: 20190717172542, moz:geckodriverVersion: 0.24.0, moz:headless: false, moz:processID: 8008, moz:profile: C:\Users\zafar.ahmad\AppDat..., moz:shutdownTimeout: 60000, moz:useNonSpecCompliantPointerOrigin: false, moz:webdriverClick: true, pageLoadStrategy: normal, platform: WINDOWS, platformName: WINDOWS, platformVersion: 10.0, rotatable: false, setWindowRect: true, strictFileInteractability: false, timeouts: {implicit: 0, pageLoad: 300000, script: 30000}, unhandledPromptBehavior: dismiss and notify}
Session ID: 06cb05d5-b0f3-499e-994e-98f9bc58b4a8
*** Element info: {Using=xpath, value=//span[@class='reg_icon']}
at sun.reflect.NativeConstructorAccessorImpl.newInstance0(Native Method)
at sun.reflect.NativeConstructorAccessorImpl.newInstance(Unknown Source)
at sun.reflect.DelegatingConstructorAccessorImpl.newInstance(Unknown Source)
at java.lang.reflect.Constructor.newInstance(Unknown Source)
at org.openqa.selenium.remote.http.W3CHttpResponseCodec.createException(W3CHttpResponseCodec.java:187)
at org.openqa.selenium.remote.http.W3CHttpResponseCodec.decode(W3CHttpResponseCodec.java:122)
at org.openqa.selenium.remote.http.W3CHttpResponseCodec.decode(W3CHttpResponseCodec.java:49)
at org.openqa.selenium.remote.HttpCommandExecutor.execute(HttpCommandExecutor.java:158)
at org.openqa.selenium.remote.service.DriverCommandExecutor.execute(DriverCommandExecutor.java:83)
at org.openqa.selenium.remote.RemoteWebDriver.execute(RemoteWebDriver.java:552)
at org.openqa.selenium.remote.RemoteWebDriver.findElement(RemoteWebDriver.java:323)
at org.openqa.selenium.remote.RemoteWebDriver.findElementByXPath(RemoteWebDriver.java:428)
at org.openqa.selenium.By$ByXPath.findElement(By.java:353)
at org.openqa.selenium.remote.RemoteWebDriver.findElement(RemoteWebDriver.java:315)
at PageObject.PatientRegistration.clientreg(PatientRegistration.java:36)
at Regression.Testcase.loginpage(Testcase.java:62)
at sun.reflect.NativeMethodAccessorImpl.invoke0(Native Method)
at sun.reflect.NativeMethodAccessorImpl.invoke(Unknown Source)
at sun.reflect.DelegatingMethodAccessorImpl.invoke(Unknown Source)
at java.lang.reflect.Method.invoke(Unknown Source)
at org.testng.internal.MethodInvocationHelper.invokeMethod(MethodInvocationHelper.java:124)
at org.testng.internal.Invoker.invokeMethod(Invoker.java:583)
at org.testng.internal.Invoker.invokeTestMethod(Invoker.java:719)
at org.testng.internal.Invoker.invokeTestMethods(Invoker.java:989)
at org.testng.internal.TestMethodWorker.invokeTestMethods(TestMethodWorker.java:125)
at org.testng.internal.TestMethodWorker.run(TestMethodWorker.java:109)
at org.testng.TestRunner.privateRun(TestRunner.java:648)
at org.testng.TestRunner.run(TestRunner.java:505)
at org.testng.SuiteRunner.runTest(SuiteRunner.java:455)
at org.testng.SuiteRunner.runSequentially(SuiteRunner.java:450)
at org.testng.SuiteRunner.privateRun(SuiteRunner.java:415)
at org.testng.SuiteRunner.run(SuiteRunner.java:364)
at org.testng.SuiteRunnerWorker.runSuite(SuiteRunnerWorker.java:52)
at org.testng.SuiteRunnerWorker.run(SuiteRunnerWorker.java:84)
at org.testng.TestNG.runSuitesSequentially(TestNG.java:1208)
at org.testng.TestNG.runSuitesLocally(TestNG.java:1137)
at org.testng.TestNG.runSuites(TestNG.java:1049)
at org.testng.TestNG.run(TestNG.java:1017)
at org.testng.remote.AbstractRemoteTestNG.run(AbstractRemoteTestNG.java:115)
at org.testng.remote.RemoteTestNG.initAndRun(RemoteTestNG.java:251)
at org.testng.remote.RemoteTestNG.main(RemoteTestNG.java:77)
]]>
            </full-stacktrace>
          </exception> <!-- org.openqa.selenium.NoSuchElementException -->
          <reporter-output>
          </reporter-output>
        </test-method> <!-- loginpage -->
        <test-method status="PASS" signature="Teardown()[pri:0, instance:Regression.Testcase@4ac9dc56]" name="Teardown" is-config="true" duration-ms="7558" started-at="2019-08-08T06:57:31Z" finished-at="2019-08-08T06:57:38Z">
          <reporter-output>
          </reporter-output>
        </test-method> <!-- Teardown -->
      </class> <!-- Regression.Testcase -->
    </test> <!-- Default test -->
  </suite> <!-- Default suite -->
</testng-results>
